Unity Editor version:    2021.3.11f1 (0a5ca18544bf)
Branch:                  2021.3/staging
Build type:              Release
Batch mode:              YES
macOS version:           Version 12.6.1 (Build 21G217)
Darwin version:          21.6.0
Architecture:            x86_64
Running under Rosetta:   NO
Available memory:        32768 MB
Using pre-set license
Pro License: YES

COMMAND LINE ARGUMENTS:
/Applications/Unity/Hub/Editor/2021.3.11f1/Unity.app/Contents/MacOS/Unity
-adb2
-batchMode
-noUpm
-name
AssetImportWorker4
-projectPath
/Users/gillian/Documents/GitHub/DiverInterface2022Group8
-logFile
Logs/AssetImportWorker4.log
-srvPort
64647
Successfully changed project path to: /Users/gillian/Documents/GitHub/DiverInterface2022Group8
/Users/gillian/Documents/GitHub/DiverInterface2022Group8
[UnityMemory] Configuration Parameters - Can be set up in boot.config
    "memorysetup-bucket-allocator-granularity=16"
    "memorysetup-bucket-allocator-bucket-count=8"
    "memorysetup-bucket-allocator-block-size=33554432"
    "memorysetup-bucket-allocator-block-count=8"
    "memorysetup-main-allocator-block-size=16777216"
    "memorysetup-thread-allocator-block-size=16777216"
    "memorysetup-gfx-main-allocator-block-size=16777216"
    "memorysetup-gfx-thread-allocator-block-size=16777216"
    "memorysetup-cache-allocator-block-size=4194304"
    "memorysetup-typetree-allocator-block-size=2097152"
    "memorysetup-profiler-bucket-allocator-granularity=16"
    "memorysetup-profiler-bucket-allocator-bucket-count=8"
    "memorysetup-profiler-bucket-allocator-block-size=33554432"
    "memorysetup-profiler-bucket-allocator-block-count=8"
    "memorysetup-profiler-allocator-block-size=16777216"
    "memorysetup-profiler-editor-allocator-block-size=1048576"
    "memorysetup-temp-allocator-size-main=16777216"
    "memorysetup-job-temp-allocator-block-size=2097152"
    "memorysetup-job-temp-allocator-block-size-background=1048576"
    "memorysetup-job-temp-allocator-reduction-small-platforms=262144"
    "memorysetup-temp-allocator-size-background-worker=32768"
    "memorysetup-temp-allocator-size-job-worker=262144"
    "memorysetup-temp-allocator-size-preload-manager=33554432"
    "memorysetup-temp-allocator-size-nav-mesh-worker=65536"
    "memorysetup-temp-allocator-size-audio-worker=65536"
    "memorysetup-temp-allocator-size-cloud-worker=32768"
    "memorysetup-temp-allocator-size-gi-baking-worker=262144"
    "memorysetup-temp-allocator-size-gfx=262144"
Refreshing native plugins compatible for Editor in 247.57 ms, found 5 plugins.
Plugins: Couldn't open Assets/Oculus/Spatializer/Plugins/AudioPluginOculusSpatializer.bundle/Contents/MacOS/AudioPluginOculusSpatializer, error: dlopen(Assets/Oculus/Spatializer/Plugins/AudioPluginOculusSpatializer.bundle/Contents/MacOS/AudioPluginOculusSpatializer, 0x0002): Library not loaded: '@rpath/libthird-party_pffft_pffft.dylib'
  Referenced from: '/Users/gillian/Documents/GitHub/DiverInterface2022Group8/Assets/Oculus/Spatializer/Plugins/AudioPluginOculusSpatializer.bundle/Contents/MacOS/AudioPluginOculusSpatializer'
  Reason: tried: '/Applications/Unity/Hub/Editor/2021.3.11f1/Unity.app/Contents/MacOS/../Frameworks/libthird-party_pffft_pffft.dylib' (no such file), '/Applications/Unity/Hub/Editor/2021.3.11f1/Unity.app/Contents/MacOS/../Frameworks/libthird-party_pffft_pffft.dylib' (no such file), '/usr/local/lib/libthird-party_pffft_pffft.dylib' (no such file), '/usr/lib/libthird-party_pffft_pffft.dylib' (no such file)
Preloading 1 native plugins for Editor in 2.64 ms.
Initialize engine version: 2021.3.11f1 (0a5ca18544bf)
[Subsystems] Discovering subsystems at path /Applications/Unity/Hub/Editor/2021.3.11f1/Unity.app/Contents/Resources/UnitySubsystems
[Subsystems] Discovering subsystems at path /Users/gillian/Documents/GitHub/DiverInterface2022Group8/Assets
GfxDevice: creating device client; threaded=0; jobified=0
Color LCD preferred device: Intel(R) UHD Graphics 630 (low power)
Metal devices available: 2
0: AMD Radeon Pro Vega 20 (high power)
1: Intel(R) UHD Graphics 630 (low power)
Using device AMD Radeon Pro Vega 20 (high power)
Initializing Metal device caps: AMD Radeon Pro Vega 20
Shader 'Oculus/OVRMRCameraFrameLit': fallback shader 'Alpha-Diffuse' not found
Initialize mono
Mono path[0] = '/Applications/Unity/Hub/Editor/2021.3.11f1/Unity.app/Contents/Managed'
Mono path[1] = '/Applications/Unity/Hub/Editor/2021.3.11f1/Unity.app/Contents/MonoBleedingEdge/lib/mono/unityjit-macos'
Mono config path = '/Applications/Unity/Hub/Editor/2021.3.11f1/Unity.app/Contents/MonoBleedingEdge/etc'
Using monoOptions --debugger-agent=transport=dt_socket,embedding=1,server=y,suspend=n,address=127.0.0.1:56930
Begin MonoManager ReloadAssembly
Registering precompiled unity dll's ...
Register platform support module: /Applications/Unity/Hub/Editor/2021.3.11f1/Unity.app/Contents/PlaybackEngines/MacStandaloneSupport/UnityEditor.OSXStandalone.Extensions.dll
Register platform support module: /Applications/Unity/Hub/Editor/2021.3.11f1/PlaybackEngines/AndroidPlayer/UnityEditor.Android.Extensions.dll
Registered in 0.001303 seconds.
Native extension for Android target not found
Native extension for OSXStandalone target not found
Refreshing native plugins compatible for Editor in 260.69 ms, found 5 plugins.
Plugins: Couldn't open /Users/gillian/Documents/GitHub/DiverInterface2022Group8/Assets/Oculus/Spatializer/Plugins/AudioPluginOculusSpatializer.bundle/Contents/MacOS/AudioPluginOculusSpatializer, error: dlopen(/Users/gillian/Documents/GitHub/DiverInterface2022Group8/Assets/Oculus/Spatializer/Plugins/AudioPluginOculusSpatializer.bundle/Contents/MacOS/AudioPluginOculusSpatializer, 0x0002): Library not loaded: '@rpath/libthird-party_pffft_pffft.dylib'
  Referenced from: '/Users/gillian/Documents/GitHub/DiverInterface2022Group8/Assets/Oculus/Spatializer/Plugins/AudioPluginOculusSpatializer.bundle/Contents/MacOS/AudioPluginOculusSpatializer'
  Reason: tried: '/Applications/Unity/Hub/Editor/2021.3.11f1/Unity.app/Contents/MacOS/../Frameworks/libthird-party_pffft_pffft.dylib' (no such file), '/Applications/Unity/Hub/Editor/2021.3.11f1/Unity.app/Contents/MacOS/../Frameworks/libthird-party_pffft_pffft.dylib' (no such file), '/usr/local/lib/libthird-party_pffft_pffft.dylib' (no such file), '/usr/lib/libthird-party_pffft_pffft.dylib' (no such file)
Preloading 1 native plugins for Editor in 0.70 ms.
Mono: successfully reloaded assembly
- Completed reload, in  1.496 seconds
Domain Reload Profiling:
	ReloadAssembly (1497ms)
		BeginReloadAssembly (247ms)
			ExecutionOrderSort (0ms)
			DisableScriptedObjects (0ms)
			BackupInstance (0ms)
			ReleaseScriptingObjects (0ms)
			CreateAndSetChildDomain (1ms)
		EndReloadAssembly (1059ms)
			LoadAssemblies (247ms)
			RebuildTransferFunctionScriptingTraits (0ms)
			SetupTypeCache (278ms)
			ReleaseScriptCaches (0ms)
			RebuildScriptCaches (64ms)
			SetupLoadedEditorAssemblies (624ms)
				LogAssemblyErrors (0ms)
				InitializePlatformSupportModulesInManaged (100ms)
				SetLoadedEditorAssemblies (1ms)
				RefreshPlugins (261ms)
				BeforeProcessingInitializeOnLoad (3ms)
				ProcessInitializeOnLoadAttributes (177ms)
				ProcessInitializeOnLoadMethodAttributes (82ms)
				AfterProcessingInitializeOnLoad (0ms)
				EditorAssembliesLoaded (0ms)
			ExecutionOrderSort2 (0ms)
			AwakeInstancesAfterBackupRestoration (0ms)
Platform modules already initialized, skipping
Registering precompiled user dll's ...
Registered in 0.006410 seconds.
Android Extension - Scanning For ADB Devices 4233 ms
Begin MonoManager ReloadAssembly
Symbol file LoadedFromMemory doesn't match image /Users/gillian/Documents/GitHub/DiverInterface2022Group8/Library/PackageCache/com.unity.visualscripting@1.7.8/Editor/VisualScripting.Core/Dependencies/DotNetZip/Unity.VisualScripting.IonicZip.dll
Symbol file LoadedFromMemory doesn't match image /Users/gillian/Documents/GitHub/DiverInterface2022Group8/Library/PackageCache/com.unity.visualscripting@1.7.8/Editor/VisualScripting.Core/Dependencies/YamlDotNet/Unity.VisualScripting.YamlDotNet.dll
Native extension for Android target not found
Native extension for OSXStandalone target not found
Refreshing native plugins compatible for Editor in 206.85 ms, found 5 plugins.
Plugins: Couldn't open /Users/gillian/Documents/GitHub/DiverInterface2022Group8/Assets/Oculus/Spatializer/Plugins/AudioPluginOculusSpatializer.bundle/Contents/MacOS/AudioPluginOculusSpatializer, error: dlopen(/Users/gillian/Documents/GitHub/DiverInterface2022Group8/Assets/Oculus/Spatializer/Plugins/AudioPluginOculusSpatializer.bundle/Contents/MacOS/AudioPluginOculusSpatializer, 0x0002): Library not loaded: '@rpath/libthird-party_pffft_pffft.dylib'
  Referenced from: '/Users/gillian/Documents/GitHub/DiverInterface2022Group8/Assets/Oculus/Spatializer/Plugins/AudioPluginOculusSpatializer.bundle/Contents/MacOS/AudioPluginOculusSpatializer'
  Reason: tried: '/Applications/Unity/Hub/Editor/2021.3.11f1/Unity.app/Contents/MacOS/../Frameworks/libthird-party_pffft_pffft.dylib' (no such file), '/Applications/Unity/Hub/Editor/2021.3.11f1/Unity.app/Contents/MacOS/../Frameworks/libthird-party_pffft_pffft.dylib' (no such file), '/usr/local/lib/libthird-party_pffft_pffft.dylib' (no such file), '/usr/lib/libthird-party_pffft_pffft.dylib' (no such file)
Preloading 1 native plugins for Editor in 0.57 ms.
Package Manager log level set to [2]
Mono: successfully reloaded assembly
- Completed reload, in  2.619 seconds
Domain Reload Profiling:
	ReloadAssembly (2620ms)
		BeginReloadAssembly (169ms)
			ExecutionOrderSort (0ms)
			DisableScriptedObjects (10ms)
			BackupInstance (0ms)
			ReleaseScriptingObjects (0ms)
			CreateAndSetChildDomain (39ms)
		EndReloadAssembly (2256ms)
			LoadAssemblies (215ms)
			RebuildTransferFunctionScriptingTraits (4ms)
			SetupTypeCache (571ms)
			ReleaseScriptCaches (21ms)
			RebuildScriptCaches (159ms)
			SetupLoadedEditorAssemblies (1189ms)
				LogAssemblyErrors (0ms)
				InitializePlatformSupportModulesInManaged (17ms)
				SetLoadedEditorAssemblies (0ms)
				RefreshPlugins (207ms)
				BeforeProcessingInitializeOnLoad (167ms)
				ProcessInitializeOnLoadAttributes (658ms)
				ProcessInitializeOnLoadMethodAttributes (138ms)
				AfterProcessingInitializeOnLoad (2ms)
				EditorAssembliesLoaded (0ms)
			ExecutionOrderSort2 (0ms)
			AwakeInstancesAfterBackupRestoration (6ms)
Platform modules already initialized, skipping
========================================================================
Worker process is ready to serve import requests
Shader 'Oculus/OVRMRCameraFrameLit': fallback shader 'Alpha-Diffuse' not found
Launching external process: /Applications/Unity/Hub/Editor/2021.3.11f1/Unity.app/Contents/Tools/UnityShaderCompiler
Launched and connected shader compiler UnityShaderCompiler after 0.12 seconds
Refreshing native plugins compatible for Editor in 1.67 ms, found 5 plugins.
Plugins: Couldn't open /Users/gillian/Documents/GitHub/DiverInterface2022Group8/Assets/Oculus/Spatializer/Plugins/AudioPluginOculusSpatializer.bundle/Contents/MacOS/AudioPluginOculusSpatializer, error: dlopen(/Users/gillian/Documents/GitHub/DiverInterface2022Group8/Assets/Oculus/Spatializer/Plugins/AudioPluginOculusSpatializer.bundle/Contents/MacOS/AudioPluginOculusSpatializer, 0x0002): Library not loaded: '@rpath/libthird-party_pffft_pffft.dylib'
  Referenced from: '/Users/gillian/Documents/GitHub/DiverInterface2022Group8/Assets/Oculus/Spatializer/Plugins/AudioPluginOculusSpatializer.bundle/Contents/MacOS/AudioPluginOculusSpatializer'
  Reason: tried: '/Applications/Unity/Hub/Editor/2021.3.11f1/Unity.app/Contents/MacOS/../Frameworks/libthird-party_pffft_pffft.dylib' (no such file), '/Applications/Unity/Hub/Editor/2021.3.11f1/Unity.app/Contents/MacOS/../Frameworks/libthird-party_pffft_pffft.dylib' (no such file), '/usr/local/lib/libthird-party_pffft_pffft.dylib' (no such file), '/usr/lib/libthird-party_pffft_pffft.dylib' (no such file)
Preloading 1 native plugins for Editor in 0.58 ms.
Unloading 6528 Unused Serialized files (Serialized files now loaded: 0)
Unloading 63 unused Assets / (492.8 KB). Loaded Objects now: 6964.
Memory consumption went from 403.5 MB to 403.1 MB.
Total: 8.535336 ms (FindLiveObjects: 0.728228 ms CreateObjectMapping: 0.683684 ms MarkObjects: 6.398421 ms  DeleteObjects: 0.723560 ms)

AssetImportParameters requested are different than current active one (requested -> active):
  custom:video-decoder-ogg-theora: a1e56fd34408186e4bbccfd4996cb3dc -> 
  custom:container-muxer-webm: aa71ff27fc2769a1b78a27578f13a17b -> 
  custom:container-demuxer-webm: 4f35f7cbe854078d1ac9338744f61a02 -> 
  custom:video-encoder-webm-vp8: eb34c28f22e8b96e1ab97ce403110664 -> 
  custom:framework-osx-AVFoundation: e770b220cccbd017edd2c1fefb359320 -> 
  custom:audio-encoder-webm-vorbis: bf7c407c2cedff20999df2af8eb42d56 -> 
  custom:container-demuxer-ogg: 62fdf1f143b41e24485cea50d1cbac27 -> 
  custom:video-decoder-webm-vp8: 9c59270c3fd7afecdb556c50c9e8de78 -> 
  custom:audio-decoder-ogg-vorbis: bf7c407c2cedff20999df2af8eb42d56 -> 
========================================================================
Received Import Request.
  Time since last request: 256108.013132 seconds.
  path: Assets/Diving Simulation/Scripts/CallTowerManager.cs
  artifactKey: Guid(ef15b8d5fe5c7004584626574e31200c) Importer(815301076,1909f56bfc062723c751e8b465ee728b)
Start importing Assets/Diving Simulation/Scripts/CallTowerManager.cs using Guid(ef15b8d5fe5c7004584626574e31200c) Importer(815301076,1909f56bfc062723c751e8b465ee728b)  -> (artifact id: 'a632576e8588a7287f172617e007edaf') in 0.197689 seconds 
========================================================================
Received Import Request.
  Time since last request: 156.125113 seconds.
  path: Assets/Diving Simulation/Scripts/MainScreen/Calls/CallManager.cs
  artifactKey: Guid(94f63ca8fd3f6466cb08548b863a9b29) Importer(815301076,1909f56bfc062723c751e8b465ee728b)
Start importing Assets/Diving Simulation/Scripts/MainScreen/Calls/CallManager.cs using Guid(94f63ca8fd3f6466cb08548b863a9b29) Importer(815301076,1909f56bfc062723c751e8b465ee728b)  -> (artifact id: '7481b8fd83e8e61cee5256107dcbacfe') in 0.002616 seconds 
========================================================================
Received Prepare
Registering precompiled user dll's ...
Registered in 0.005550 seconds.
Begin MonoManager ReloadAssembly
Symbol file LoadedFromMemory doesn't match image /Users/gillian/Documents/GitHub/DiverInterface2022Group8/Library/PackageCache/com.unity.visualscripting@1.7.8/Editor/VisualScripting.Core/Dependencies/DotNetZip/Unity.VisualScripting.IonicZip.dll
Symbol file LoadedFromMemory doesn't match image /Users/gillian/Documents/GitHub/DiverInterface2022Group8/Library/PackageCache/com.unity.visualscripting@1.7.8/Editor/VisualScripting.Core/Dependencies/YamlDotNet/Unity.VisualScripting.YamlDotNet.dll
Native extension for Android target not found
Native extension for OSXStandalone target not found
Refreshing native plugins compatible for Editor in 1.79 ms, found 5 plugins.
Plugins: Couldn't open /Users/gillian/Documents/GitHub/DiverInterface2022Group8/Assets/Oculus/Spatializer/Plugins/AudioPluginOculusSpatializer.bundle/Contents/MacOS/AudioPluginOculusSpatializer, error: dlopen(/Users/gillian/Documents/GitHub/DiverInterface2022Group8/Assets/Oculus/Spatializer/Plugins/AudioPluginOculusSpatializer.bundle/Contents/MacOS/AudioPluginOculusSpatializer, 0x0002): Library not loaded: '@rpath/libthird-party_pffft_pffft.dylib'
  Referenced from: '/Users/gillian/Documents/GitHub/DiverInterface2022Group8/Assets/Oculus/Spatializer/Plugins/AudioPluginOculusSpatializer.bundle/Contents/MacOS/AudioPluginOculusSpatializer'
  Reason: tried: '/Applications/Unity/Hub/Editor/2021.3.11f1/Unity.app/Contents/MacOS/../Frameworks/libthird-party_pffft_pffft.dylib' (no such file), '/Applications/Unity/Hub/Editor/2021.3.11f1/Unity.app/Contents/MacOS/../Frameworks/libthird-party_pffft_pffft.dylib' (no such file), '/usr/local/lib/libthird-party_pffft_pffft.dylib' (no such file), '/usr/lib/libthird-party_pffft_pffft.dylib' (no such file)
Preloading 1 native plugins for Editor in 0.57 ms.
Mono: successfully reloaded assembly
- Completed reload, in  1.939 seconds
Domain Reload Profiling:
	ReloadAssembly (1940ms)
		BeginReloadAssembly (181ms)
			ExecutionOrderSort (0ms)
			DisableScriptedObjects (7ms)
			BackupInstance (0ms)
			ReleaseScriptingObjects (0ms)
			CreateAndSetChildDomain (78ms)
		EndReloadAssembly (1596ms)
			LoadAssemblies (97ms)
			RebuildTransferFunctionScriptingTraits (0ms)
			SetupTypeCache (559ms)
			ReleaseScriptCaches (2ms)
			RebuildScriptCaches (98ms)
			SetupLoadedEditorAssemblies (719ms)
				LogAssemblyErrors (0ms)
				InitializePlatformSupportModulesInManaged (26ms)
				SetLoadedEditorAssemblies (1ms)
				RefreshPlugins (2ms)
				BeforeProcessingInitializeOnLoad (113ms)
				ProcessInitializeOnLoadAttributes (438ms)
				ProcessInitializeOnLoadMethodAttributes (137ms)
				AfterProcessingInitializeOnLoad (2ms)
				EditorAssembliesLoaded (0ms)
			ExecutionOrderSort2 (0ms)
			AwakeInstancesAfterBackupRestoration (20ms)
Platform modules already initialized, skipping
Shader 'Oculus/OVRMRCameraFrameLit': fallback shader 'Alpha-Diffuse' not found
Refreshing native plugins compatible for Editor in 8.87 ms, found 5 plugins.
Plugins: Couldn't open /Users/gillian/Documents/GitHub/DiverInterface2022Group8/Assets/Oculus/Spatializer/Plugins/AudioPluginOculusSpatializer.bundle/Contents/MacOS/AudioPluginOculusSpatializer, error: dlopen(/Users/gillian/Documents/GitHub/DiverInterface2022Group8/Assets/Oculus/Spatializer/Plugins/AudioPluginOculusSpatializer.bundle/Contents/MacOS/AudioPluginOculusSpatializer, 0x0002): Library not loaded: '@rpath/libthird-party_pffft_pffft.dylib'
  Referenced from: '/Users/gillian/Documents/GitHub/DiverInterface2022Group8/Assets/Oculus/Spatializer/Plugins/AudioPluginOculusSpatializer.bundle/Contents/MacOS/AudioPluginOculusSpatializer'
  Reason: tried: '/Applications/Unity/Hub/Editor/2021.3.11f1/Unity.app/Contents/MacOS/../Frameworks/libthird-party_pffft_pffft.dylib' (no such file), '/Applications/Unity/Hub/Editor/2021.3.11f1/Unity.app/Contents/MacOS/../Frameworks/libthird-party_pffft_pffft.dylib' (no such file), '/usr/local/lib/libthird-party_pffft_pffft.dylib' (no such file), '/usr/lib/libthird-party_pffft_pffft.dylib' (no such file)
Preloading 1 native plugins for Editor in 0.58 ms.
Unloading 6302 Unused Serialized files (Serialized files now loaded: 0)
Unloading 55 unused Assets / (471.0 KB). Loaded Objects now: 6968.
Memory consumption went from 390.0 MB to 389.6 MB.
Total: 6.141653 ms (FindLiveObjects: 0.705690 ms CreateObjectMapping: 0.596990 ms MarkObjects: 4.504839 ms  DeleteObjects: 0.332945 ms)

AssetImportParameters requested are different than current active one (requested -> active):
  custom:video-decoder-ogg-theora: a1e56fd34408186e4bbccfd4996cb3dc -> 
  custom:container-muxer-webm: aa71ff27fc2769a1b78a27578f13a17b -> 
  custom:container-demuxer-webm: 4f35f7cbe854078d1ac9338744f61a02 -> 
  custom:video-encoder-webm-vp8: eb34c28f22e8b96e1ab97ce403110664 -> 
  custom:framework-osx-AVFoundation: e770b220cccbd017edd2c1fefb359320 -> 
  custom:audio-encoder-webm-vorbis: bf7c407c2cedff20999df2af8eb42d56 -> 
  custom:container-demuxer-ogg: 62fdf1f143b41e24485cea50d1cbac27 -> 
  custom:video-decoder-webm-vp8: 9c59270c3fd7afecdb556c50c9e8de78 -> 
  custom:audio-decoder-ogg-vorbis: bf7c407c2cedff20999df2af8eb42d56 -> 
========================================================================
Received Import Request.
  Time since last request: 224.120238 seconds.
  path: Assets/Diving Simulation/Scripts/MainScreen/Calls/CallManager.cs
  artifactKey: Guid(94f63ca8fd3f6466cb08548b863a9b29) Importer(815301076,1909f56bfc062723c751e8b465ee728b)
Start importing Assets/Diving Simulation/Scripts/MainScreen/Calls/CallManager.cs using Guid(94f63ca8fd3f6466cb08548b863a9b29) Importer(815301076,1909f56bfc062723c751e8b465ee728b)  -> (artifact id: '1aee0e3bf52009ac0b7e2ffb1173ece6') in 0.015550 seconds 
========================================================================
Received Import Request.
  Time since last request: 217.463991 seconds.
  path: Assets/Diving Simulation/Scripts/MainScreen/Calls/CallManager.cs
  artifactKey: Guid(94f63ca8fd3f6466cb08548b863a9b29) Importer(815301076,1909f56bfc062723c751e8b465ee728b)
Start importing Assets/Diving Simulation/Scripts/MainScreen/Calls/CallManager.cs using Guid(94f63ca8fd3f6466cb08548b863a9b29) Importer(815301076,1909f56bfc062723c751e8b465ee728b)  -> (artifact id: '961336ae3d5e82104417d46aec3dae25') in 0.001957 seconds 
========================================================================
Received Prepare
Registering precompiled user dll's ...
Registered in 0.004735 seconds.
Begin MonoManager ReloadAssembly
Symbol file LoadedFromMemory doesn't match image /Users/gillian/Documents/GitHub/DiverInterface2022Group8/Library/PackageCache/com.unity.visualscripting@1.7.8/Editor/VisualScripting.Core/Dependencies/DotNetZip/Unity.VisualScripting.IonicZip.dll
Symbol file LoadedFromMemory doesn't match image /Users/gillian/Documents/GitHub/DiverInterface2022Group8/Library/PackageCache/com.unity.visualscripting@1.7.8/Editor/VisualScripting.Core/Dependencies/YamlDotNet/Unity.VisualScripting.YamlDotNet.dll
Native extension for Android target not found
Native extension for OSXStandalone target not found
Refreshing native plugins compatible for Editor in 1.72 ms, found 5 plugins.
Plugins: Couldn't open /Users/gillian/Documents/GitHub/DiverInterface2022Group8/Assets/Oculus/Spatializer/Plugins/AudioPluginOculusSpatializer.bundle/Contents/MacOS/AudioPluginOculusSpatializer, error: dlopen(/Users/gillian/Documents/GitHub/DiverInterface2022Group8/Assets/Oculus/Spatializer/Plugins/AudioPluginOculusSpatializer.bundle/Contents/MacOS/AudioPluginOculusSpatializer, 0x0002): Library not loaded: '@rpath/libthird-party_pffft_pffft.dylib'
  Referenced from: '/Users/gillian/Documents/GitHub/DiverInterface2022Group8/Assets/Oculus/Spatializer/Plugins/AudioPluginOculusSpatializer.bundle/Contents/MacOS/AudioPluginOculusSpatializer'
  Reason: tried: '/Applications/Unity/Hub/Editor/2021.3.11f1/Unity.app/Contents/MacOS/../Frameworks/libthird-party_pffft_pffft.dylib' (no such file), '/Applications/Unity/Hub/Editor/2021.3.11f1/Unity.app/Contents/MacOS/../Frameworks/libthird-party_pffft_pffft.dylib' (no such file), '/usr/local/lib/libthird-party_pffft_pffft.dylib' (no such file), '/usr/lib/libthird-party_pffft_pffft.dylib' (no such file)
Preloading 1 native plugins for Editor in 0.58 ms.
Mono: successfully reloaded assembly
- Completed reload, in  1.991 seconds
Domain Reload Profiling:
	ReloadAssembly (1992ms)
		BeginReloadAssembly (220ms)
			ExecutionOrderSort (0ms)
			DisableScriptedObjects (8ms)
			BackupInstance (0ms)
			ReleaseScriptingObjects (0ms)
			CreateAndSetChildDomain (80ms)
		EndReloadAssembly (1601ms)
			LoadAssemblies (195ms)
			RebuildTransferFunctionScriptingTraits (0ms)
			SetupTypeCache (540ms)
			ReleaseScriptCaches (2ms)
			RebuildScriptCaches (95ms)
			SetupLoadedEditorAssemblies (694ms)
				LogAssemblyErrors (0ms)
				InitializePlatformSupportModulesInManaged (24ms)
				SetLoadedEditorAssemblies (1ms)
				RefreshPlugins (2ms)
				BeforeProcessingInitializeOnLoad (109ms)
				ProcessInitializeOnLoadAttributes (424ms)
				ProcessInitializeOnLoadMethodAttributes (131ms)
				AfterProcessingInitializeOnLoad (2ms)
				EditorAssembliesLoaded (0ms)
			ExecutionOrderSort2 (0ms)
			AwakeInstancesAfterBackupRestoration (19ms)
Platform modules already initialized, skipping
Shader 'Oculus/OVRMRCameraFrameLit': fallback shader 'Alpha-Diffuse' not found
Refreshing native plugins compatible for Editor in 9.37 ms, found 5 plugins.
Plugins: Couldn't open /Users/gillian/Documents/GitHub/DiverInterface2022Group8/Assets/Oculus/Spatializer/Plugins/AudioPluginOculusSpatializer.bundle/Contents/MacOS/AudioPluginOculusSpatializer, error: dlopen(/Users/gillian/Documents/GitHub/DiverInterface2022Group8/Assets/Oculus/Spatializer/Plugins/AudioPluginOculusSpatializer.bundle/Contents/MacOS/AudioPluginOculusSpatializer, 0x0002): Library not loaded: '@rpath/libthird-party_pffft_pffft.dylib'
  Referenced from: '/Users/gillian/Documents/GitHub/DiverInterface2022Group8/Assets/Oculus/Spatializer/Plugins/AudioPluginOculusSpatializer.bundle/Contents/MacOS/AudioPluginOculusSpatializer'
  Reason: tried: '/Applications/Unity/Hub/Editor/2021.3.11f1/Unity.app/Contents/MacOS/../Frameworks/libthird-party_pffft_pffft.dylib' (no such file), '/Applications/Unity/Hub/Editor/2021.3.11f1/Unity.app/Contents/MacOS/../Frameworks/libthird-party_pffft_pffft.dylib' (no such file), '/usr/local/lib/libthird-party_pffft_pffft.dylib' (no such file), '/usr/lib/libthird-party_pffft_pffft.dylib' (no such file)
Preloading 1 native plugins for Editor in 0.66 ms.
Unloading 6302 Unused Serialized files (Serialized files now loaded: 0)
Unloading 55 unused Assets / (471.5 KB). Loaded Objects now: 6972.
Memory consumption went from 390.3 MB to 389.8 MB.
Total: 6.871512 ms (FindLiveObjects: 0.722716 ms CreateObjectMapping: 0.871492 ms MarkObjects: 4.875327 ms  DeleteObjects: 0.400645 ms)

AssetImportParameters requested are different than current active one (requested -> active):
  custom:video-decoder-ogg-theora: a1e56fd34408186e4bbccfd4996cb3dc -> 
  custom:container-muxer-webm: aa71ff27fc2769a1b78a27578f13a17b -> 
  custom:container-demuxer-webm: 4f35f7cbe854078d1ac9338744f61a02 -> 
  custom:video-encoder-webm-vp8: eb34c28f22e8b96e1ab97ce403110664 -> 
  custom:framework-osx-AVFoundation: e770b220cccbd017edd2c1fefb359320 -> 
  custom:audio-encoder-webm-vorbis: bf7c407c2cedff20999df2af8eb42d56 -> 
  custom:container-demuxer-ogg: 62fdf1f143b41e24485cea50d1cbac27 -> 
  custom:video-decoder-webm-vp8: 9c59270c3fd7afecdb556c50c9e8de78 -> 
  custom:audio-decoder-ogg-vorbis: bf7c407c2cedff20999df2af8eb42d56 -> 
========================================================================
Received Import Request.
  Time since last request: 27.320402 seconds.
  path: Assets/Diving Simulation/Scripts/MainScreen/Calls/CallManager.cs
  artifactKey: Guid(94f63ca8fd3f6466cb08548b863a9b29) Importer(815301076,1909f56bfc062723c751e8b465ee728b)
Start importing Assets/Diving Simulation/Scripts/MainScreen/Calls/CallManager.cs using Guid(94f63ca8fd3f6466cb08548b863a9b29) Importer(815301076,1909f56bfc062723c751e8b465ee728b)  -> (artifact id: 'da37065a558fa9864c5be77d6c59690b') in 0.025838 seconds 
========================================================================
Received Import Request.
  Time since last request: 379.235259 seconds.
  path: Assets/Diving Simulation/Scripts/MainScreen/Animations/MainScreenAnimator.cs
  artifactKey: Guid(8186a74ecb90341ecad60ac66176375f) Importer(815301076,1909f56bfc062723c751e8b465ee728b)
Start importing Assets/Diving Simulation/Scripts/MainScreen/Animations/MainScreenAnimator.cs using Guid(8186a74ecb90341ecad60ac66176375f) Importer(815301076,1909f56bfc062723c751e8b465ee728b)  -> (artifact id: 'b2cb308990691f6b036bdf1096f3236c') in 0.002074 seconds 
